


ARM Macro Assembler    Page 1 


    1 00000000         ;Question 1
    2 00000000                 AREA             question1, CODE, READONLY
    3 00000000                 EXPORT           Fxn1
    4 00000000         
    5 00000000         Fxn1    PROC
    6 00000000 2001            MOVS             R0, #1      ;a
    7 00000002 2102            MOVS             R1, #2      ;b
    8 00000004 2203            MOVS             R2, #3      ;c
    9 00000006 2304            MOVS             R3, #4      ;d
   10 00000008         
   11 00000008         
   12 00000008 4288            CMP              R0, R1
   13 0000000A D001            BEQ              IfEqualTo
   14 0000000C DD01            BLE              IfLessThan
   15 0000000E 1A13            SUBS             R3, R2, R0
   16 00000010 230A    IfEqualTo
                               MOVS             R3, #10
   17 00000012 4413    IfLessThan
                               ADD              R3, R3, R2
   18 00000014         
   19 00000014         
   20 00000014 2464            MOVS             R4, #100
   21 00000016         
   22 00000016         Loop
   23 00000016 4423            ADD              R3, R3, R4
   24 00000018 0095            LSLS             R5, R2, #2
   25 0000001A 1B2A            SUBS             R2, R5, R4
   26 0000001C 1E64            SUBS             R4, R4, #1
   27 0000001E 4284            CMP              R4, R0
   28 00000020 DAF9            BGE              Loop
   29 00000022 DDFF            BLE              Done
   30 00000024         Done
   31 00000024 BF00            NOP
   32 00000026         
   33 00000026         
   34 00000026         
   35 00000026         Loop2
   36 00000026 1A52            SUBS             R2, R2, R1
   37 00000028 1E5B            SUBS             R3, R3, #1
   38 0000002A 4283            CMP              R3, R0
   39 0000002C DAFB            BGE              Loop2
   40 0000002E DDFF            BLE              Done2
   41 00000030 BF00    Done2   NOP
   42 00000032         
   43 00000032 4770            BX               LR
   44 00000034                 ENDP
   45 00000034         
   46 00000034         ;Question 2
   47 00000034                 AREA             myFxn, CODE, READONLY
   48 00000000                 EXPORT           Fxn
   49 00000000         
   50 00000000         Fxn     PROC
   51 00000000 4288            CMP              R0, R1
   52 00000002 DD00            BLE              LessThan1
   53 00000004 E001            B                ContinueCMP
   54 00000006         LessThan1
   55 00000006 0008            MOVS             R0, R1
   56 00000008 E7FF            B                ContinueCMP
   57 0000000A         



ARM Macro Assembler    Page 2 


   58 0000000A 4290    ContinueCMP
                               CMP              R0, R2
   59 0000000C DD00            BLE              LessThan2
   60 0000000E E001            B                DoneCMP
   61 00000010         LessThan2
   62 00000010 0010            MOVS             R0, R2
   63 00000012 E7FF            B                DoneCMP
   64 00000014         DoneCMP
   65 00000014 BF00            NOP
   66 00000016 4770            BX               LR
   67 00000018                 ENDP
   68 00000018         
   69 00000018         ;Question 3     
   70 00000018                 AREA             special, CODE, READONLY
   71 00000000                 EXPORT           specialFxn
   72 00000000         ; r0 = input variable n
   73 00000000         ; r0 = output variable
   74 00000000         specialFxn
                               PROC
   75 00000000 2100            MOVS             r1,#0
   76 00000002         
   77 00000002         a_loop
   78 00000002 4401            ADD              r1,r1,r0
   79 00000004 1E40            SUBS             r0, r0, #1
   80 00000006 D1FC            BNE              a_loop
   81 00000008 4608            MOV              r0, r1
   82 0000000A 46F7            MOV              PC, LR
   83 0000000C                 ENDP
   84 0000000C         
   85 0000000C         
   86 0000000C         
   87 0000000C         ;Question 4
   88 0000000C                 AREA             myFxn4, CODE, READONLY
   89 00000000                 EXPORT           Fxn4
   90 00000000         
   91 00000000         Fxn4    PROC
   92 00000000 2000            MOVS             R0, #0
   93 00000002 2101            MOVS             R1, #1
   94 00000004 2200            MOVS             R2, #0
   95 00000006 2301            MOVS             R3, #1
   96 00000008 466F            MOV              R7, SP
   97 0000000A         
   98 0000000A         storeIntegers
   99 0000000A 50BB            STR              R3, [R7, R2]
  100 0000000C 1C5B            ADDS             R3, R3, #1
  101 0000000E 1D12            ADDS             R2, R2, #4
  102 00000010 2A20            CMP              R2, #32
  103 00000012 D000            BEQ              storeIntegerDone
  104 00000014 D1F9            BNE              storeIntegers
  105 00000016 2200    storeIntegerDone
                               MOVS             R2, #0
  106 00000018         storeSquares
  107 00000018 58BB            LDR              R3, [R7, R2]
  108 0000001A 435B            MULS             R3, R3, R3
  109 0000001C 50BB            STR              R3, [R7, R2]
  110 0000001E 1D12            ADDS             R2, R2, #4
  111 00000020 2A20            CMP              R2, #32
  112 00000022 D000            BEQ              storeSquaresDone
  113 00000024 D1F8            BNE              storeSquares



ARM Macro Assembler    Page 3 


  114 00000026 2200    storeSquaresDone
                               MOVS             R2, #0
  115 00000028         addIntegers
  116 00000028 58BB            LDR              R3, [R7, R2]
  117 0000002A 185B            ADDS             R3, R3, R1
  118 0000002C 50BB            STR              R3, [R7, R2]
  119 0000002E 1D12            ADDS             R2, R2, #4
  120 00000030 1C49            ADDS             R1, R1, #1
  121 00000032 2A20            CMP              R2, #32
  122 00000034 D000            BEQ              addIntegersDone
  123 00000036 D1F7            BNE              addIntegers
  124 00000038 2200    addIntegersDone
                               MOVS             R2, #0
  125 0000003A         sumIntegers
  126 0000003A 58BB            LDR              R3, [R7, R2]
  127 0000003C 18C0            ADDS             R0, R0, R3
  128 0000003E 1D12            ADDS             R2, R2, #4
  129 00000040 2A20            CMP              R2, #32
  130 00000042 D000            BEQ              sumDone
  131 00000044 D1F9            BNE              sumIntegers
  132 00000046         sumDone
  133 00000046 BF00            NOP
  134 00000048 4770            BX               LR
  135 0000004A                 ENDP
  136 0000004A         
  137 0000004A         
  138 0000004A         ;Question 5
  139 0000004A                 AREA             myFxn5, CODE, READONLY
  140 00000000                 EXPORT           Fxn5
  141 00000000         Fxn5    PROC
  142 00000000 4906            LDR              R1,=myData
  143 00000002 2300            MOVS             R3, #0
  144 00000004 5AC8            LDRH             R0, [R1, R3]
  145 00000006         Fxn5Loop
  146 00000006 5ACC            LDRH             R4, [R1, R3]
  147 00000008 1C9B            ADDS             R3, R3, #2
  148 0000000A 42A0            CMP              R0, R4
  149 0000000C DDFF            BLE              Less1
  150 0000000E 0020    Less1   MOVS             R0, R4
  151 00000010 2B10            CMP              R3, #16
  152 00000012 D000            BEQ              Fxn5Done
  153 00000014 D1F7            BNE              Fxn5Loop
  154 00000016 BF00    Fxn5Done
                               NOP
  155 00000018 4770            BX               LR
  156 0000001A                 ENDP
  157 0000001A         
  158 0000001A 00 00 00000000  AREA             someData, DATA, READWRITE
  159 00000000                 ALIGN
  160 00000000 0F 00 04 
              00 16 00 
              03 00 37 
              00 64 00 
              FF 00 25 
              07 11 00 
              0A 00    myData  DCW              15,4,22,3,55,100, 255, 1829, 17
, 10
  161 00000014         
  162 00000014         END



ARM Macro Assembler    Page 4 


  163 00000014         
  164 00000014         
  165 00000014         
  166 00000014         ;Question 6
  167 00000014                 AREA             myFxn2, CODE, READONLY
  168 00000000                 EXPORT           Fxn2
  169 00000000         
  170 00000000         Fxn2    PROC
  171 00000000 2003            MOVS             R0, #3
  172 00000002         ;calling specialFxn
  173 00000002 B500            PUSH             {LR}
  174 00000004 F7FF FFFE       BL               specialFxn
  175 00000008 BD00            pop              {PC}
  176 0000000A                 ENDP
  177 0000000A         
  178 0000000A                 END
Command Line: --debug --xref --diag_suppress=9931 --cpu=Cortex-M0+ --apcs=inter
work --depend=.\objects\myasm.d -o.\objects\myasm.o -I.\RTE\Device\MKL25Z128xxx
4 -I.\RTE\_Target_1 -IC:\Users\selor\AppData\Local\Arm\Packs\ARM\CMSIS\5.7.0\CM
SIS\Core\Include -IC:\Users\selor\AppData\Local\Arm\Packs\Keil\Kinetis_KLxx_DFP
\1.15.0\Device\Include --predefine="__EVAL SETA 1" --predefine="__UVISION_VERSI
ON SETA 531" --predefine="_RTE_ SETA 1" --predefine="MKL25Z128xxx4 SETA 1" --pr
edefine="_RTE_ SETA 1" --list=.\listings\myasm.lst myasm.s



ARM Macro Assembler    Page 1 Alphabetic symbol ordering
Relocatable symbols

Done 00000024

Symbol: Done
   Definitions
      At line 30 in file myasm.s
   Uses
      At line 29 in file myasm.s
Comment: Done used once
Done2 00000030

Symbol: Done2
   Definitions
      At line 41 in file myasm.s
   Uses
      At line 40 in file myasm.s
Comment: Done2 used once
Fxn1 00000000

Symbol: Fxn1
   Definitions
      At line 5 in file myasm.s
   Uses
      At line 3 in file myasm.s
Comment: Fxn1 used once
IfEqualTo 00000010

Symbol: IfEqualTo
   Definitions
      At line 16 in file myasm.s
   Uses
      At line 13 in file myasm.s
Comment: IfEqualTo used once
IfLessThan 00000012

Symbol: IfLessThan
   Definitions
      At line 17 in file myasm.s
   Uses
      At line 14 in file myasm.s
Comment: IfLessThan used once
Loop 00000016

Symbol: Loop
   Definitions
      At line 22 in file myasm.s
   Uses
      At line 28 in file myasm.s
Comment: Loop used once
Loop2 00000026

Symbol: Loop2
   Definitions
      At line 35 in file myasm.s
   Uses
      At line 39 in file myasm.s
Comment: Loop2 used once
question1 00000000

Symbol: question1



ARM Macro Assembler    Page 2 Alphabetic symbol ordering
Relocatable symbols

   Definitions
      At line 2 in file myasm.s
   Uses
      None
Comment: question1 unused
8 symbols



ARM Macro Assembler    Page 1 Alphabetic symbol ordering
Relocatable symbols

ContinueCMP 0000000A

Symbol: ContinueCMP
   Definitions
      At line 58 in file myasm.s
   Uses
      At line 53 in file myasm.s
      At line 56 in file myasm.s

DoneCMP 00000014

Symbol: DoneCMP
   Definitions
      At line 64 in file myasm.s
   Uses
      At line 60 in file myasm.s
      At line 63 in file myasm.s

Fxn 00000000

Symbol: Fxn
   Definitions
      At line 50 in file myasm.s
   Uses
      At line 48 in file myasm.s
Comment: Fxn used once
LessThan1 00000006

Symbol: LessThan1
   Definitions
      At line 54 in file myasm.s
   Uses
      At line 52 in file myasm.s
Comment: LessThan1 used once
LessThan2 00000010

Symbol: LessThan2
   Definitions
      At line 61 in file myasm.s
   Uses
      At line 59 in file myasm.s
Comment: LessThan2 used once
myFxn 00000000

Symbol: myFxn
   Definitions
      At line 47 in file myasm.s
   Uses
      None
Comment: myFxn unused
6 symbols



ARM Macro Assembler    Page 1 Alphabetic symbol ordering
Relocatable symbols

a_loop 00000002

Symbol: a_loop
   Definitions
      At line 77 in file myasm.s
   Uses
      At line 80 in file myasm.s
Comment: a_loop used once
special 00000000

Symbol: special
   Definitions
      At line 70 in file myasm.s
   Uses
      None
Comment: special unused
specialFxn 00000000

Symbol: specialFxn
   Definitions
      At line 74 in file myasm.s
   Uses
      At line 71 in file myasm.s
      At line 174 in file myasm.s

3 symbols



ARM Macro Assembler    Page 1 Alphabetic symbol ordering
Relocatable symbols

Fxn4 00000000

Symbol: Fxn4
   Definitions
      At line 91 in file myasm.s
   Uses
      At line 89 in file myasm.s
Comment: Fxn4 used once
addIntegers 00000028

Symbol: addIntegers
   Definitions
      At line 115 in file myasm.s
   Uses
      At line 123 in file myasm.s
Comment: addIntegers used once
addIntegersDone 00000038

Symbol: addIntegersDone
   Definitions
      At line 124 in file myasm.s
   Uses
      At line 122 in file myasm.s
Comment: addIntegersDone used once
myFxn4 00000000

Symbol: myFxn4
   Definitions
      At line 88 in file myasm.s
   Uses
      None
Comment: myFxn4 unused
storeIntegerDone 00000016

Symbol: storeIntegerDone
   Definitions
      At line 105 in file myasm.s
   Uses
      At line 103 in file myasm.s
Comment: storeIntegerDone used once
storeIntegers 0000000A

Symbol: storeIntegers
   Definitions
      At line 98 in file myasm.s
   Uses
      At line 104 in file myasm.s
Comment: storeIntegers used once
storeSquares 00000018

Symbol: storeSquares
   Definitions
      At line 106 in file myasm.s
   Uses
      At line 113 in file myasm.s
Comment: storeSquares used once
storeSquaresDone 00000026

Symbol: storeSquaresDone



ARM Macro Assembler    Page 2 Alphabetic symbol ordering
Relocatable symbols

   Definitions
      At line 114 in file myasm.s
   Uses
      At line 112 in file myasm.s
Comment: storeSquaresDone used once
sumDone 00000046

Symbol: sumDone
   Definitions
      At line 132 in file myasm.s
   Uses
      At line 130 in file myasm.s
Comment: sumDone used once
sumIntegers 0000003A

Symbol: sumIntegers
   Definitions
      At line 125 in file myasm.s
   Uses
      At line 131 in file myasm.s
Comment: sumIntegers used once
10 symbols



ARM Macro Assembler    Page 1 Alphabetic symbol ordering
Relocatable symbols

Fxn5 00000000

Symbol: Fxn5
   Definitions
      At line 141 in file myasm.s
   Uses
      At line 140 in file myasm.s
Comment: Fxn5 used once
Fxn5Done 00000016

Symbol: Fxn5Done
   Definitions
      At line 154 in file myasm.s
   Uses
      At line 152 in file myasm.s
Comment: Fxn5Done used once
Fxn5Loop 00000006

Symbol: Fxn5Loop
   Definitions
      At line 145 in file myasm.s
   Uses
      At line 153 in file myasm.s
Comment: Fxn5Loop used once
Less1 0000000E

Symbol: Less1
   Definitions
      At line 150 in file myasm.s
   Uses
      At line 149 in file myasm.s
Comment: Less1 used once
myFxn5 00000000

Symbol: myFxn5
   Definitions
      At line 139 in file myasm.s
   Uses
      None
Comment: myFxn5 unused
5 symbols



ARM Macro Assembler    Page 1 Alphabetic symbol ordering
Relocatable symbols

END 00000014

Symbol: END
   Definitions
      At line 162 in file myasm.s
   Uses
      None
Comment: END unused
myData 00000000

Symbol: myData
   Definitions
      At line 160 in file myasm.s
   Uses
      At line 142 in file myasm.s
Comment: myData used once
someData 00000000

Symbol: someData
   Definitions
      At line 158 in file myasm.s
   Uses
      None
Comment: someData unused
3 symbols



ARM Macro Assembler    Page 1 Alphabetic symbol ordering
Relocatable symbols

Fxn2 00000000

Symbol: Fxn2
   Definitions
      At line 170 in file myasm.s
   Uses
      At line 168 in file myasm.s
Comment: Fxn2 used once
myFxn2 00000000

Symbol: myFxn2
   Definitions
      At line 167 in file myasm.s
   Uses
      None
Comment: myFxn2 unused
2 symbols
373 symbols in table
